Using pre-set license
Built from '2020.3/staging' branch; Version is '2020.3.10f1 (297d780c91bc) revision 2719096'; Using compiler version '192528614'; Build Type 'Release'
OS: 'Windows 10 Home Single Language; OS build 16299.431; Version 1709; 64bit' Language: 'ru' Physical Memory: 12168 MB
BatchMode: 1, IsHumanControllingUs: 0, StartBugReporterOnCrash: 0, Is64bit: 1, IsPro: 0

 COMMAND LINE ARGUMENTS:
C:\Program Files\Unity\Hub\Editor\2020.3.10f1\Editor\Unity.exe
-adb2
-batchMode
-noUpm
-name
AssetImportWorker0
-projectPath
C:/Users/user/Documents/GitHub/HitMasterClone
-logFile
Logs/AssetImportWorker0.log
-srvPort
1071
Successfully changed project path to: C:/Users/user/Documents/GitHub/HitMasterClone
C:/Users/user/Documents/GitHub/HitMasterClone
Using Asset Import Pipeline V2.
Unable to join player connection multicast group.

Unable to join player connection alternative multicast group.

Refreshing native plugins compatible for Editor in 73.02 ms, found 2 plugins.
Preloading 0 native plugins for Editor in 0.00 ms.
Initialize engine version: 2020.3.10f1 (297d780c91bc)
[Subsystems] Discovering subsystems at path C:/Program Files/Unity/Hub/Editor/2020.3.10f1/Editor/Data/Resources/UnitySubsystems
[Subsystems] Discovering subsystems at path C:/Users/user/Documents/GitHub/HitMasterClone/Assets
GfxDevice: creating device client; threaded=0
Direct3D:
    Version:  Direct3D 11.0 [level 11.1]
    Renderer: Intel(R) HD Graphics 4600 (ID=0x416)
    Vendor:   
    VRAM:     2048 MB
    Driver:   20.19.15.4835
Could not load symbol clCreateImage : Не найдена указанная процедура.


Could not load symbol clEnqueueFillBuffer : Не найдена указанная процедура.


Could not load symbol clEnqueueFillImage : Не найдена указанная процедура.


Could not load symbol clEnqueueMarkerWithWaitList : Не найдена указанная процедура.


Could not load symbol clGetExtensionFunctionAddressForPlatform : Не найдена указанная процедура.


Could not load symbol clUnloadPlatformCompiler : Не найдена указанная процедура.


Could not load symbol clCreateFromGLTexture : Не найдена указанная процедура.


Initialize mono
Mono path[0] = 'C:/Program Files/Unity/Hub/Editor/2020.3.10f1/Editor/Data/Managed'
Mono path[1] = 'C:/Program Files/Unity/Hub/Editor/2020.3.10f1/Editor/Data/MonoBleedingEdge/lib/mono/unityjit'
Mono config path = 'C:/Program Files/Unity/Hub/Editor/2020.3.10f1/Editor/Data/MonoBleedingEdge/etc'
Using monoOptions --debugger-agent=transport=dt_socket,embedding=1,server=y,suspend=n,address=127.0.0.1:56276
Begin MonoManager ReloadAssembly
Registering precompiled unity dll's ...
Register platform support module: C:/Program Files/Unity/Hub/Editor/2020.3.10f1/Editor/Data/PlaybackEngines/WindowsStandaloneSupport/UnityEditor.WindowsStandalone.Extensions.dll
Registered in 0.002228 seconds.
Native extension for WindowsStandalone target not found
Refreshing native plugins compatible for Editor in 61.51 ms, found 2 plugins.
Preloading 0 native plugins for Editor in 0.00 ms.
Mono: successfully reloaded assembly
- Completed reload, in  3.122 seconds
Platform modules already initialized, skipping
Registering precompiled user dll's ...
Registered in 0.005778 seconds.
Begin MonoManager ReloadAssembly
Native extension for WindowsStandalone target not found
Refreshing native plugins compatible for Editor in 0.52 ms, found 2 plugins.
Preloading 0 native plugins for Editor in 0.00 ms.
Mono: successfully reloaded assembly
- Completed reload, in  2.072 seconds
Platform modules already initialized, skipping
========================================================================
Worker process is ready to serve import requests
Launched and connected shader compiler UnityShaderCompiler.exe after 0.05 seconds
Refreshing native plugins compatible for Editor in 0.82 ms, found 2 plugins.
Preloading 0 native plugins for Editor in 0.00 ms.
Unloading 1555 Unused Serialized files (Serialized files now loaded: 0)
System memory in use before: 72.3 MB.
System memory in use after: 72.3 MB.

Unloading 20 unused Assets to reduce memory usage. Loaded Objects now: 1991.
Total: 9.073500 ms (FindLiveObjects: 0.454594 ms CreateObjectMapping: 0.239058 ms MarkObjects: 8.248558 ms  DeleteObjects: 0.128723 ms)

========================================================================
Received Import Request.
  path: Assets/Scripts/CoroutinesKid.cs
  artifactKey: Guid(788a86c435590c143971122b8c435b8e) Importer(815301076,1909f56bfc062723c751e8b465ee728b)
Start importing Assets/Scripts/CoroutinesKid.cs using Guid(788a86c435590c143971122b8c435b8e) Importer(815301076,1909f56bfc062723c751e8b465ee728b)  -> (artifact id: '331679a2f232ef357be42daacdaccf2b') in 0.034564 seconds
  Import took 0.038723 seconds .

========================================================================
Received Import Request.
  Time since last request: 47.352480 seconds.
  path: Assets/Scripts/WayPointChanger.cs
  artifactKey: Guid(d69e5607897563f4faa91d4c28556a60) Importer(815301076,1909f56bfc062723c751e8b465ee728b)
Start importing Assets/Scripts/WayPointChanger.cs using Guid(d69e5607897563f4faa91d4c28556a60) Importer(815301076,1909f56bfc062723c751e8b465ee728b)  -> (artifact id: '6848ac95b88cfea971cea0920c357929') in 0.003459 seconds
  Import took 0.009086 seconds .

========================================================================
Received Import Request.
  Time since last request: 0.000972 seconds.
  path: Assets/Scripts/WayPointChanger.cs
  artifactKey: Guid(d69e5607897563f4faa91d4c28556a60) Importer(815301076,1909f56bfc062723c751e8b465ee728b)
Start importing Assets/Scripts/WayPointChanger.cs using Guid(d69e5607897563f4faa91d4c28556a60) Importer(815301076,1909f56bfc062723c751e8b465ee728b)  -> (artifact id: '6848ac95b88cfea971cea0920c357929') in 0.007546 seconds
  Import took 0.012029 seconds .

========================================================================
Received Import Request.
  Time since last request: 47.191039 seconds.
  path: Assets/Scripts/WayPoint.cs
  artifactKey: Guid(0fb98679ffe40e84da1a8d1011b33d34) Importer(815301076,1909f56bfc062723c751e8b465ee728b)
Start importing Assets/Scripts/WayPoint.cs using Guid(0fb98679ffe40e84da1a8d1011b33d34) Importer(815301076,1909f56bfc062723c751e8b465ee728b)  -> (artifact id: 'b2aa1fc084e9ab1d48c0aca5e028ec10') in 0.004053 seconds
  Import took 0.009471 seconds .

========================================================================
Received Prepare
Registering precompiled user dll's ...
Registered in 0.010225 seconds.
Begin MonoManager ReloadAssembly
Native extension for WindowsStandalone target not found
Refreshing native plugins compatible for Editor in 0.50 ms, found 2 plugins.
Preloading 0 native plugins for Editor in 0.00 ms.
Mono: successfully reloaded assembly
- Completed reload, in  1.983 seconds
Platform modules already initialized, skipping
Switching build target platform(19) subTarget(0) extendedPlatform(0) -> platform(13) subTarget(537395200) extendedPlatform(0)
Refreshing native plugins compatible for Editor in 3.97 ms, found 2 plugins.
Preloading 0 native plugins for Editor in 0.00 ms.
Unloading 1551 Unused Serialized files (Serialized files now loaded: 0)
System memory in use before: 72.0 MB.
System memory in use after: 72.1 MB.

Unloading 15 unused Assets to reduce memory usage. Loaded Objects now: 1994.
Total: 4.005819 ms (FindLiveObjects: 0.331858 ms CreateObjectMapping: 0.103064 ms MarkObjects: 3.482801 ms  DeleteObjects: 0.085530 ms)

AssetImportParameters requested are different than current active one (requested -> active):
  custom:graphics/normal-map-encoding: 01000000000000000000000000000000 -> 02000000000000000000000000000000
========================================================================
Received Import Request.
  Time since last request: 58.373312 seconds.
  path: Assets/Scripts/WayPoint.cs
  artifactKey: Guid(0fb98679ffe40e84da1a8d1011b33d34) Importer(815301076,1909f56bfc062723c751e8b465ee728b)
Start importing Assets/Scripts/WayPoint.cs using Guid(0fb98679ffe40e84da1a8d1011b33d34) Importer(815301076,1909f56bfc062723c751e8b465ee728b)  -> (artifact id: '0f39d2afcb3b91449fc095151261860b') in 0.005888 seconds
  Import took 0.012126 seconds .

========================================================================
Received Prepare
Registering precompiled user dll's ...
Registered in 0.010542 seconds.
Begin MonoManager ReloadAssembly
Native extension for WindowsStandalone target not found
Refreshing native plugins compatible for Editor in 0.51 ms, found 2 plugins.
Preloading 0 native plugins for Editor in 0.00 ms.
Mono: successfully reloaded assembly
- Completed reload, in  1.967 seconds
Platform modules already initialized, skipping
Switching build target platform(19) subTarget(0) extendedPlatform(0) -> platform(13) subTarget(537395200) extendedPlatform(0)
Refreshing native plugins compatible for Editor in 0.89 ms, found 2 plugins.
Preloading 0 native plugins for Editor in 0.00 ms.
Unloading 1551 Unused Serialized files (Serialized files now loaded: 0)
System memory in use before: 72.1 MB.
System memory in use after: 72.2 MB.

Unloading 15 unused Assets to reduce memory usage. Loaded Objects now: 1997.
Total: 3.894202 ms (FindLiveObjects: 0.201852 ms CreateObjectMapping: 0.090662 ms MarkObjects: 3.504183 ms  DeleteObjects: 0.095794 ms)

AssetImportParameters requested are different than current active one (requested -> active):
  custom:graphics/normal-map-encoding: 01000000000000000000000000000000 -> 02000000000000000000000000000000
========================================================================
Received Prepare
Registering precompiled user dll's ...
Registered in 0.013921 seconds.
Begin MonoManager ReloadAssembly
Native extension for WindowsStandalone target not found
Refreshing native plugins compatible for Editor in 2.12 ms, found 2 plugins.
Preloading 0 native plugins for Editor in 0.00 ms.
Mono: successfully reloaded assembly
- Completed reload, in  3.379 seconds
Platform modules already initialized, skipping
Switching build target platform(19) subTarget(0) extendedPlatform(0) -> platform(13) subTarget(537395200) extendedPlatform(0)
Refreshing native plugins compatible for Editor in 0.55 ms, found 2 plugins.
Preloading 0 native plugins for Editor in 0.00 ms.
Unloading 1551 Unused Serialized files (Serialized files now loaded: 0)
System memory in use before: 72.1 MB.
System memory in use after: 72.2 MB.

Unloading 15 unused Assets to reduce memory usage. Loaded Objects now: 2000.
Total: 2.934123 ms (FindLiveObjects: 0.201424 ms CreateObjectMapping: 0.082109 ms MarkObjects: 2.565059 ms  DeleteObjects: 0.083820 ms)

AssetImportParameters requested are different than current active one (requested -> active):
  custom:graphics/normal-map-encoding: 01000000000000000000000000000000 -> 02000000000000000000000000000000
========================================================================
Received Prepare
Registering precompiled user dll's ...
Registered in 0.005784 seconds.
Begin MonoManager ReloadAssembly
Native extension for WindowsStandalone target not found
Refreshing native plugins compatible for Editor in 0.53 ms, found 2 plugins.
Preloading 0 native plugins for Editor in 0.00 ms.
Mono: successfully reloaded assembly
- Completed reload, in  1.886 seconds
Platform modules already initialized, skipping
Switching build target platform(19) subTarget(0) extendedPlatform(0) -> platform(13) subTarget(537395200) extendedPlatform(0)
Refreshing native plugins compatible for Editor in 0.53 ms, found 2 plugins.
Preloading 0 native plugins for Editor in 0.00 ms.
Unloading 1551 Unused Serialized files (Serialized files now loaded: 0)
System memory in use before: 72.1 MB.
System memory in use after: 72.2 MB.

Unloading 15 unused Assets to reduce memory usage. Loaded Objects now: 2003.
Total: 3.088933 ms (FindLiveObjects: 0.271132 ms CreateObjectMapping: 0.154810 ms MarkObjects: 2.574467 ms  DeleteObjects: 0.086813 ms)

AssetImportParameters requested are different than current active one (requested -> active):
  custom:graphics/normal-map-encoding: 01000000000000000000000000000000 -> 02000000000000000000000000000000
========================================================================
Received Prepare
Registering precompiled user dll's ...
Registered in 0.005708 seconds.
Begin MonoManager ReloadAssembly
Native extension for WindowsStandalone target not found
Refreshing native plugins compatible for Editor in 0.55 ms, found 2 plugins.
Preloading 0 native plugins for Editor in 0.00 ms.
Mono: successfully reloaded assembly
- Completed reload, in  1.547 seconds
Platform modules already initialized, skipping
Switching build target platform(19) subTarget(0) extendedPlatform(0) -> platform(13) subTarget(537395200) extendedPlatform(0)
Refreshing native plugins compatible for Editor in 0.81 ms, found 2 plugins.
Preloading 0 native plugins for Editor in 0.00 ms.
Unloading 1551 Unused Serialized files (Serialized files now loaded: 0)
System memory in use before: 72.1 MB.
System memory in use after: 72.2 MB.

Unloading 15 unused Assets to reduce memory usage. Loaded Objects now: 2006.
Total: 3.073965 ms (FindLiveObjects: 0.266855 ms CreateObjectMapping: 0.156948 ms MarkObjects: 2.570191 ms  DeleteObjects: 0.078688 ms)

AssetImportParameters requested are different than current active one (requested -> active):
  custom:graphics/normal-map-encoding: 01000000000000000000000000000000 -> 02000000000000000000000000000000
========================================================================
Received Import Request.
  Time since last request: 545.452205 seconds.
  path: Assets/Scripts/Actors/Player.cs
  artifactKey: Guid(b5532bf2ef4b6e04881ada11f32cc5a2) Importer(815301076,1909f56bfc062723c751e8b465ee728b)
Start importing Assets/Scripts/Actors/Player.cs using Guid(b5532bf2ef4b6e04881ada11f32cc5a2) Importer(815301076,1909f56bfc062723c751e8b465ee728b)  -> (artifact id: 'd05276d5d5aa3cc3d3380f03d4f65074') in 0.007969 seconds
  Import took 0.012671 seconds .

========================================================================
Received Import Request.
  Time since last request: 0.040977 seconds.
  path: Assets/Scripts/Actors/Player.cs
  artifactKey: Guid(b5532bf2ef4b6e04881ada11f32cc5a2) Importer(815301076,1909f56bfc062723c751e8b465ee728b)
Start importing Assets/Scripts/Actors/Player.cs using Guid(b5532bf2ef4b6e04881ada11f32cc5a2) Importer(815301076,1909f56bfc062723c751e8b465ee728b)  -> (artifact id: 'd05276d5d5aa3cc3d3380f03d4f65074') in 0.003696 seconds
  Import took 0.008814 seconds .

========================================================================
Received Prepare
Registering precompiled user dll's ...
Registered in 0.010203 seconds.
Begin MonoManager ReloadAssembly
Native extension for WindowsStandalone target not found
Refreshing native plugins compatible for Editor in 0.61 ms, found 2 plugins.
Preloading 0 native plugins for Editor in 0.00 ms.
Mono: successfully reloaded assembly
- Completed reload, in  2.547 seconds
Platform modules already initialized, skipping
Switching build target platform(19) subTarget(0) extendedPlatform(0) -> platform(13) subTarget(537395200) extendedPlatform(0)
Refreshing native plugins compatible for Editor in 0.99 ms, found 2 plugins.
Preloading 0 native plugins for Editor in 0.00 ms.
Unloading 1551 Unused Serialized files (Serialized files now loaded: 0)
System memory in use before: 72.1 MB.
System memory in use after: 72.2 MB.

Unloading 15 unused Assets to reduce memory usage. Loaded Objects now: 2009.
Total: 2.925997 ms (FindLiveObjects: 0.229222 ms CreateObjectMapping: 0.085958 ms MarkObjects: 2.530419 ms  DeleteObjects: 0.079116 ms)

AssetImportParameters requested are different than current active one (requested -> active):
  custom:graphics/normal-map-encoding: 01000000000000000000000000000000 -> 02000000000000000000000000000000
========================================================================
Received Import Request.
  Time since last request: 48.898597 seconds.
  path: Assets/Scripts/Actors/Player.cs
  artifactKey: Guid(b5532bf2ef4b6e04881ada11f32cc5a2) Importer(815301076,1909f56bfc062723c751e8b465ee728b)
Start importing Assets/Scripts/Actors/Player.cs using Guid(b5532bf2ef4b6e04881ada11f32cc5a2) Importer(815301076,1909f56bfc062723c751e8b465ee728b)  -> (artifact id: '2e11e2249e87ff90a61912a691662caf') in 0.009717 seconds
  Import took 0.014619 seconds .

========================================================================
Received Import Request.
  Time since last request: 1.915129 seconds.
  path: Assets/Scripts/Actors/Player.cs
  artifactKey: Guid(b5532bf2ef4b6e04881ada11f32cc5a2) Importer(815301076,1909f56bfc062723c751e8b465ee728b)
Start importing Assets/Scripts/Actors/Player.cs using Guid(b5532bf2ef4b6e04881ada11f32cc5a2) Importer(815301076,1909f56bfc062723c751e8b465ee728b)  -> (artifact id: '2e11e2249e87ff90a61912a691662caf') in 0.007372 seconds
  Import took 0.012241 seconds .

========================================================================
Received Prepare
Registering precompiled user dll's ...
Registered in 0.029578 seconds.
Begin MonoManager ReloadAssembly
Native extension for WindowsStandalone target not found
Refreshing native plugins compatible for Editor in 13.00 ms, found 2 plugins.
Preloading 0 native plugins for Editor in 0.00 ms.
Mono: successfully reloaded assembly
- Completed reload, in  7.768 seconds
Platform modules already initialized, skipping
Switching build target platform(19) subTarget(0) extendedPlatform(0) -> platform(13) subTarget(537395200) extendedPlatform(0)
Refreshing native plugins compatible for Editor in 1.30 ms, found 2 plugins.
Preloading 0 native plugins for Editor in 0.00 ms.
Unloading 1551 Unused Serialized files (Serialized files now loaded: 0)
System memory in use before: 72.1 MB.
System memory in use after: 72.2 MB.

Unloading 15 unused Assets to reduce memory usage. Loaded Objects now: 2012.
Total: 14.210032 ms (FindLiveObjects: 0.690231 ms CreateObjectMapping: 0.260013 ms MarkObjects: 12.995927 ms  DeleteObjects: 0.259157 ms)

AssetImportParameters requested are different than current active one (requested -> active):
  custom:graphics/normal-map-encoding: 01000000000000000000000000000000 -> 02000000000000000000000000000000
========================================================================
Received Prepare
Registering precompiled user dll's ...
Registered in 0.015647 seconds.
Begin MonoManager ReloadAssembly
Native extension for WindowsStandalone target not found
Refreshing native plugins compatible for Editor in 0.53 ms, found 2 plugins.
Preloading 0 native plugins for Editor in 0.00 ms.
Mono: successfully reloaded assembly
- Completed reload, in  1.890 seconds
Platform modules already initialized, skipping
Switching build target platform(19) subTarget(0) extendedPlatform(0) -> platform(13) subTarget(537395200) extendedPlatform(0)
Refreshing native plugins compatible for Editor in 0.50 ms, found 2 plugins.
Preloading 0 native plugins for Editor in 0.00 ms.
Unloading 1551 Unused Serialized files (Serialized files now loaded: 0)
System memory in use before: 72.1 MB.
System memory in use after: 72.2 MB.

Unloading 15 unused Assets to reduce memory usage. Loaded Objects now: 2015.
Total: 2.838329 ms (FindLiveObjects: 0.207411 ms CreateObjectMapping: 0.079971 ms MarkObjects: 2.466699 ms  DeleteObjects: 0.082537 ms)

AssetImportParameters requested are different than current active one (requested -> active):
  custom:graphics/normal-map-encoding: 01000000000000000000000000000000 -> 02000000000000000000000000000000
AssetImportWorkerClient::OnTransportError - code=2 error=End of file
